<?xml version="1.0" encoding="UTF-8"?>
<testsuite name="quantityMeasurment.QuantityComparatorTest" tests="1" skipped="0" failures="0" errors="0" timestamp="2019-12-18T11:31:19" hostname="admin123-desktop" time="0.001">
  <properties/>
  <testcase name="given2InchAndCM_ShouldReturnEqualLength" classname="quantityMeasurment.QuantityComparatorTest" time="0.001"/>
  <system-out><![CDATA[]]></system-out>
  <system-err><![CDATA[]]></system-err>
</testsuite>
