<?xml version="1.0" encoding="UTF-8"?>
<testsuite name="quantityMeasurment.QuantityMeasurementTest" tests="27" skipped="0" failures="0" errors="0" timestamp="2019-12-19T04:38:32" hostname="admin123-desktop" time="0.007">
  <properties/>
  <testcase name="given2InchAndCM_ShouldReturnEqualLength" classname="quantityMeasurment.QuantityMeasurementTest" time="0.001"/>
  <testcase name="given1InchAndZeroPoint027YardsWithEnum_ShouldReturnEqualLength" classname="quantityMeasurment.QuantityMeasurementTest" time="0.001"/>
  <testcase name="given1FeetAnd2Inch_ShouldReturnEqualSum" classname="quantityMeasurment.QuantityMeasurementTest" time="0.0"/>
  <testcase name="given2InchAnd2Point5CM_ShouldReturnEqualSum" classname="quantityMeasurment.QuantityMeasurementTest" time="0.0"/>
  <testcase name="given1TonneAnd1000KGms_ShouldReturnEqualWeight" classname="quantityMeasurment.QuantityMeasurementTest" time="0.0"/>
  <testcase name="given1YardsAnd36InchesWithEnum_ShouldReturnEqualLength" classname="quantityMeasurment.QuantityMeasurementTest" time="0.0"/>
  <testcase name="given212FahrenheitAnd100Celsius_ShouldReturnEqualTemperature" classname="quantityMeasurment.QuantityMeasurementTest" time="0.0"/>
  <testcase name="given1LitresAnd1000ML_ShouldReturnBooleanEquality" classname="quantityMeasurment.QuantityMeasurementTest" time="0.0"/>
  <testcase name="givenNullQuantityComparator_ShouldReturnBooleanEquality" classname="quantityMeasurment.QuantityMeasurementTest" time="0.0"/>
  <testcase name="givenQuantityComparatorClassType_ShouldReturnBooleanEquality" classname="quantityMeasurment.QuantityMeasurementTest" time="0.0"/>
  <testcase name="given2InchAnd2Inch_ShouldReturnEqualSum" classname="quantityMeasurment.QuantityMeasurementTest" time="0.0"/>
  <testcase name="given1FeetAnd12InchWithEnum_ShouldReturnEqualLength" classname="quantityMeasurment.QuantityMeasurementTest" time="0.0"/>
  <testcase name="given1FeetAndZeroPoint33YardsWithEnum_ShouldReturnEqualLength" classname="quantityMeasurment.QuantityMeasurementTest" time="0.0"/>
  <testcase name="given1FeetAnd1Feet_ShouldReturnEqualSum" classname="quantityMeasurment.QuantityMeasurementTest" time="0.0"/>
  <testcase name="given1LitresAnd1000ML_ShouldReturnEqualSum" classname="quantityMeasurment.QuantityMeasurementTest" time="0.0"/>
  <testcase name="given1InchAnd1Feet_ShouldReturnNonEquality" classname="quantityMeasurment.QuantityMeasurementTest" time="0.0"/>
  <testcase name="given1InchAnd1Yards_ShouldReturnNonEquality" classname="quantityMeasurment.QuantityMeasurementTest" time="0.001"/>
  <testcase name="given1GallonAnd3Point78Litres_ShouldReturnEqualSum" classname="quantityMeasurment.QuantityMeasurementTest" time="0.0"/>
  <testcase name="given1FeetAnd1Inch_ShouldReturnNonEquality" classname="quantityMeasurment.QuantityMeasurementTest" time="0.0"/>
  <testcase name="givenZeroPoint08FeetAnd1InchWithEnum_ShouldReturnEqualLength" classname="quantityMeasurment.QuantityMeasurementTest" time="0.0"/>
  <testcase name="givenQuantityComparatorObjectType_ShouldReturnBooleanEquality" classname="quantityMeasurment.QuantityMeasurementTest" time="0.0"/>
  <testcase name="given1FeetAnd1Yard_ShouldReturnNonEquality" classname="quantityMeasurment.QuantityMeasurementTest" time="0.0"/>
  <testcase name="givenQuantityComparatorValueType_ShouldReturnBooleanEquality" classname="quantityMeasurment.QuantityMeasurementTest" time="0.0"/>
  <testcase name="given1KgAnd1000Gms_ShouldReturnEqualWeight" classname="quantityMeasurment.QuantityMeasurementTest" time="0.0"/>
  <testcase name="given1GallonsAnd3Point78Litres_ShouldReturnBooleanEquality" classname="quantityMeasurment.QuantityMeasurementTest" time="0.0"/>
  <testcase name="given1TonneAnd1000Gms_ShouldReturnEqualSum" classname="quantityMeasurment.QuantityMeasurementTest" time="0.0"/>
  <testcase name="given1YardsAnd3FeetWithEnum_ShouldReturnEqualLength" classname="quantityMeasurment.QuantityMeasurementTest" time="0.0"/>
  <system-out><![CDATA[]]></system-out>
  <system-err><![CDATA[]]></system-err>
</testsuite>
